<?xml version="1.0" encoding="UTF-8"?>
<!-- Generated by org.testng.reporters.JUnitXMLReporter -->
<testsuite ignored="0" hostname="hp" failures="2" tests="8" name="Test" time="0.055" errors="0" timestamp="2024-08-28T16:23:32 IST">
  <testcase classname="distributedParallel.Test6" name="demo2" time="0.007"/>
  <testcase classname="distributedParallel.Test5" name="demo2" time="0.003">
    <failure type="java.lang.AssertionError" message="null">
      <![CDATA[java.lang.AssertionError: null
at distributedParallel.Test5.demo2(Test5.java:13)
at java.base/java.util.ArrayList.forEach(ArrayList.java:1511)
... Removed 29 stack frames]]>
    </failure>
  </testcase> <!-- demo2 -->
  <testcase classname="distributedParallel.Test4" name="demo2" time="0.001"/>
  <testcase classname="distributedParallel.Test3" name="demo2" time="0.001"/>
  <testcase classname="distributedParallel.Test2" name="demo1" time="0.002"/>
  <testcase classname="distributedParallel.Test2" name="demo2" time="0.002"/>
  <testcase classname="distributedParallel.Test1" name="demo1" time="0.001">
    <failure type="java.lang.AssertionError" message="null">
      <![CDATA[java.lang.AssertionError: null
at distributedParallel.Test1.demo1(Test1.java:12)
at java.base/java.util.ArrayList.forEach(ArrayList.java:1511)
... Removed 29 stack frames]]>
    </failure>
  </testcase> <!-- demo1 -->
  <testcase classname="distributedParallel.Test1" name="demo2" time="0.001"/>
</testsuite> <!-- Test -->
