<?xml version="1.0" encoding="UTF-8"?>
<testng-results ignored="0" total="1" passed="1" failed="0" skipped="0">
  <reporter-output>
  </reporter-output>
  <suite started-at="2024-08-29T16:40:00 IST" name="Default suite" finished-at="2024-08-29T16:40:00 IST" duration-ms="48">
    <groups>
    </groups>
    <test started-at="2024-08-29T16:40:00 IST" name="Default test" finished-at="2024-08-29T16:40:00 IST" duration-ms="48">
      <class name="listenersPractice.TestClass">
        <test-method is-config="true" signature="suiteSetup()[pri:0, instance:listenersPractice.TestClass@12468a38]" started-at="2024-08-29T16:40:00 IST" name="suiteSetup" finished-at="2024-08-29T16:40:00 IST" duration-ms="6" status="PASS">
          <reporter-output>
          </reporter-output>
        </test-method> <!-- suiteSetup -->
        <test-method is-config="true" signature="testSetup()[pri:0, instance:listenersPractice.TestClass@12468a38]" started-at="2024-08-29T16:40:00 IST" name="testSetup" finished-at="2024-08-29T16:40:00 IST" duration-ms="1" status="PASS">
          <reporter-output>
          </reporter-output>
        </test-method> <!-- testSetup -->
        <test-method is-config="true" signature="classsetup()[pri:0, instance:listenersPractice.TestClass@12468a38]" started-at="2024-08-29T16:40:00 IST" name="classsetup" finished-at="2024-08-29T16:40:00 IST" duration-ms="1" status="PASS">
          <reporter-output>
          </reporter-output>
        </test-method> <!-- classsetup -->
        <test-method is-config="true" signature="MethodSetup()[pri:0, instance:listenersPractice.TestClass@12468a38]" started-at="2024-08-29T16:40:00 IST" name="MethodSetup" finished-at="2024-08-29T16:40:00 IST" duration-ms="0" status="PASS">
          <reporter-output>
          </reporter-output>
        </test-method> <!-- MethodSetup -->
        <test-method signature="Test()[pri:0, instance:listenersPractice.TestClass@12468a38]" started-at="2024-08-29T16:40:00 IST" name="Test" finished-at="2024-08-29T16:40:00 IST" duration-ms="10" status="PASS">
          <reporter-output>
          </reporter-output>
        </test-method> <!-- Test -->
        <test-method is-config="true" signature="methodSetup()[pri:0, instance:listenersPractice.TestClass@12468a38]" started-at="2024-08-29T16:40:00 IST" name="methodSetup" finished-at="2024-08-29T16:40:00 IST" duration-ms="1" status="PASS">
          <reporter-output>
          </reporter-output>
        </test-method> <!-- methodSetup -->
        <test-method is-config="true" signature="classSetup()[pri:0, instance:listenersPractice.TestClass@12468a38]" started-at="2024-08-29T16:40:00 IST" name="classSetup" finished-at="2024-08-29T16:40:00 IST" duration-ms="0" status="PASS">
          <reporter-output>
          </reporter-output>
        </test-method> <!-- classSetup -->
        <test-method is-config="true" signature="TestSetup()[pri:0, instance:listenersPractice.TestClass@12468a38]" started-at="2024-08-29T16:40:00 IST" name="TestSetup" finished-at="2024-08-29T16:40:00 IST" duration-ms="1" status="PASS">
          <reporter-output>
          </reporter-output>
        </test-method> <!-- TestSetup -->
        <test-method is-config="true" signature="SuitSetup()[pri:0, instance:listenersPractice.TestClass@12468a38]" started-at="2024-08-29T16:40:00 IST" name="SuitSetup" finished-at="2024-08-29T16:40:00 IST" duration-ms="0" status="PASS">
          <reporter-output>
          </reporter-output>
        </test-method> <!-- SuitSetup -->
      </class> <!-- listenersPractice.TestClass -->
    </test> <!-- Default test -->
  </suite> <!-- Default suite -->
</testng-results>
